<?xml version="1.0" encoding="UTF-8"?>
<!-- Generated by org.testng.reporters.JUnitReportReporter -->
<testsuite hostname="DESKTOP-1M9J8MG" failures="0" tests="2" name="com.CRUDOperationTask.TestCases.AddAndDeleteRecipe" time="2.696" errors="0" timestamp="2021-06-08T13:58:42 EET" skipped="0">
  <testcase classname="com.CRUDOperationTask.TestCases.AddAndDeleteRecipe" name="DeleteRecipe" time="1.057"/>
  <system-out/>
  <testcase classname="com.CRUDOperationTask.TestCases.AddAndDeleteRecipe" name="AddNewRecap" time="1.639"/>
  <system-out/>
</testsuite> <!-- com.CRUDOperationTask.TestCases.AddAndDeleteRecipe -->
