<?xml version="1.0" encoding="UTF-8"?>
<!-- Generated by org.testng.reporters.JUnitReportReporter -->
<testsuite hostname="DESKTOP-1M9J8MG" failures="0" tests="1" name="com.CRUDOperationTask.TestCases.EditOnRecipeTest" time="8.013" errors="0" timestamp="2021-06-08T10:32:50 EET" skipped="0">
  <testcase classname="com.CRUDOperationTask.TestCases.EditOnRecipeTest" name="EditOnRecipe" time="8.013"/>
  <system-out/>
</testsuite> <!-- com.CRUDOperationTask.TestCases.EditOnRecipeTest -->
