<?xml version="1.0" encoding="UTF-8"?>
<!-- Generated by org.testng.reporters.JUnitReportReporter -->
<testsuite hostname="DESKTOP-1M9J8MG" failures="0" tests="1" name="com.CRUDOperationTask.TestCases.AddNewRecipeTest" time="9.721" errors="0" timestamp="2021-06-08T10:32:50 EET" skipped="0">
  <testcase classname="com.CRUDOperationTask.TestCases.AddNewRecipeTest" name="AddNewRecap" time="9.721"/>
  <system-out/>
</testsuite> <!-- com.CRUDOperationTask.TestCases.AddNewRecipeTest -->
